c:\users\ad4m\downloads\rzdoom-code-2a112fe183adf742b5df35ea841111334cb28d96\rzdoom-code-2a112fe183adf742b5df35ea841111334cb28d96\x64\release\lzmalib.pdb
c:\users\ad4m\downloads\rzdoom-code-2a112fe183adf742b5df35ea841111334cb28d96\rzdoom-code-2a112fe183adf742b5df35ea841111334cb28d96\lzma\x64\release\threads.obj
c:\users\ad4m\downloads\rzdoom-code-2a112fe183adf742b5df35ea841111334cb28d96\rzdoom-code-2a112fe183adf742b5df35ea841111334cb28d96\lzma\x64\release\ppmd7dec.obj
c:\users\ad4m\downloads\rzdoom-code-2a112fe183adf742b5df35ea841111334cb28d96\rzdoom-code-2a112fe183adf742b5df35ea841111334cb28d96\lzma\x64\release\ppmd7.obj
c:\users\ad4m\downloads\rzdoom-code-2a112fe183adf742b5df35ea841111334cb28d96\rzdoom-code-2a112fe183adf742b5df35ea841111334cb28d96\lzma\x64\release\lzmaenc.obj
c:\users\ad4m\downloads\rzdoom-code-2a112fe183adf742b5df35ea841111334cb28d96\rzdoom-code-2a112fe183adf742b5df35ea841111334cb28d96\lzma\x64\release\lzmadec.obj
c:\users\ad4m\downloads\rzdoom-code-2a112fe183adf742b5df35ea841111334cb28d96\rzdoom-code-2a112fe183adf742b5df35ea841111334cb28d96\lzma\x64\release\lzma2dec.obj
c:\users\ad4m\downloads\rzdoom-code-2a112fe183adf742b5df35ea841111334cb28d96\rzdoom-code-2a112fe183adf742b5df35ea841111334cb28d96\lzma\x64\release\lzfindmt.obj
c:\users\ad4m\downloads\rzdoom-code-2a112fe183adf742b5df35ea841111334cb28d96\rzdoom-code-2a112fe183adf742b5df35ea841111334cb28d96\lzma\x64\release\lzfind.obj
c:\users\ad4m\downloads\rzdoom-code-2a112fe183adf742b5df35ea841111334cb28d96\rzdoom-code-2a112fe183adf742b5df35ea841111334cb28d96\lzma\x64\release\delta.obj
c:\users\ad4m\downloads\rzdoom-code-2a112fe183adf742b5df35ea841111334cb28d96\rzdoom-code-2a112fe183adf742b5df35ea841111334cb28d96\lzma\x64\release\cpuarch.obj
c:\users\ad4m\downloads\rzdoom-code-2a112fe183adf742b5df35ea841111334cb28d96\rzdoom-code-2a112fe183adf742b5df35ea841111334cb28d96\lzma\x64\release\braia64.obj
c:\users\ad4m\downloads\rzdoom-code-2a112fe183adf742b5df35ea841111334cb28d96\rzdoom-code-2a112fe183adf742b5df35ea841111334cb28d96\lzma\x64\release\bra86.obj
c:\users\ad4m\downloads\rzdoom-code-2a112fe183adf742b5df35ea841111334cb28d96\rzdoom-code-2a112fe183adf742b5df35ea841111334cb28d96\lzma\x64\release\bra.obj
c:\users\ad4m\downloads\rzdoom-code-2a112fe183adf742b5df35ea841111334cb28d96\rzdoom-code-2a112fe183adf742b5df35ea841111334cb28d96\lzma\x64\release\bcj2.obj
c:\users\ad4m\downloads\rzdoom-code-2a112fe183adf742b5df35ea841111334cb28d96\rzdoom-code-2a112fe183adf742b5df35ea841111334cb28d96\lzma\x64\release\7zstream.obj
c:\users\ad4m\downloads\rzdoom-code-2a112fe183adf742b5df35ea841111334cb28d96\rzdoom-code-2a112fe183adf742b5df35ea841111334cb28d96\lzma\x64\release\7zdec.obj
c:\users\ad4m\downloads\rzdoom-code-2a112fe183adf742b5df35ea841111334cb28d96\rzdoom-code-2a112fe183adf742b5df35ea841111334cb28d96\lzma\x64\release\7zcrcopt.obj
c:\users\ad4m\downloads\rzdoom-code-2a112fe183adf742b5df35ea841111334cb28d96\rzdoom-code-2a112fe183adf742b5df35ea841111334cb28d96\lzma\x64\release\7zcrc.obj
c:\users\ad4m\downloads\rzdoom-code-2a112fe183adf742b5df35ea841111334cb28d96\rzdoom-code-2a112fe183adf742b5df35ea841111334cb28d96\lzma\x64\release\7zbuf.obj
c:\users\ad4m\downloads\rzdoom-code-2a112fe183adf742b5df35ea841111334cb28d96\rzdoom-code-2a112fe183adf742b5df35ea841111334cb28d96\lzma\x64\release\7zarcin.obj
c:\users\ad4m\downloads\rzdoom-code-2a112fe183adf742b5df35ea841111334cb28d96\rzdoom-code-2a112fe183adf742b5df35ea841111334cb28d96\x64\release\lzmalib.lib
c:\users\ad4m\downloads\rzdoom-code-2a112fe183adf742b5df35ea841111334cb28d96\rzdoom-code-2a112fe183adf742b5df35ea841111334cb28d96\lzma\x64\release\lzmalib.tlog\cl.command.1.tlog
c:\users\ad4m\downloads\rzdoom-code-2a112fe183adf742b5df35ea841111334cb28d96\rzdoom-code-2a112fe183adf742b5df35ea841111334cb28d96\lzma\x64\release\lzmalib.tlog\cl.read.1.tlog
c:\users\ad4m\downloads\rzdoom-code-2a112fe183adf742b5df35ea841111334cb28d96\rzdoom-code-2a112fe183adf742b5df35ea841111334cb28d96\lzma\x64\release\lzmalib.tlog\cl.write.1.tlog
c:\users\ad4m\downloads\rzdoom-code-2a112fe183adf742b5df35ea841111334cb28d96\rzdoom-code-2a112fe183adf742b5df35ea841111334cb28d96\lzma\x64\release\lzmalib.tlog\lib-link.read.1.tlog
c:\users\ad4m\downloads\rzdoom-code-2a112fe183adf742b5df35ea841111334cb28d96\rzdoom-code-2a112fe183adf742b5df35ea841111334cb28d96\lzma\x64\release\lzmalib.tlog\lib-link.write.1.tlog
c:\users\ad4m\downloads\rzdoom-code-2a112fe183adf742b5df35ea841111334cb28d96\rzdoom-code-2a112fe183adf742b5df35ea841111334cb28d96\lzma\x64\release\lzmalib.tlog\lib.command.1.tlog
